<?xml version="1.0" encoding="UTF-8"?>
<testng-results ignored="0" total="1" passed="1" failed="0" skipped="0">
  <reporter-output>
  </reporter-output>
  <suite started-at="2024-03-06T11:07:49 IST" name="Default suite" finished-at="2024-03-06T11:08:09 IST" duration-ms="20415">
    <groups>
    </groups>
    <test started-at="2024-03-06T11:07:49 IST" name="Default test" finished-at="2024-03-06T11:08:09 IST" duration-ms="20415">
      <class name="Shopping.Meesho">
        <test-method signature="openApp()[pri:0, instance:Shopping.Meesho@5fa07e12]" started-at="2024-03-06T11:07:49 IST" name="openApp" finished-at="2024-03-06T11:08:09 IST" duration-ms="20320" status="PASS">
          <reporter-output>
          </reporter-output>
        </test-method> <!-- openApp -->
      </class> <!-- Shopping.Meesho -->
    </test> <!-- Default test -->
  </suite> <!-- Default suite -->
</testng-results>
